<?xml version="1.0" encoding="UTF-8" ?>
<testsuite tests="5" failures="0" name="com.test.learning_selenium.RunCucumberTest" time="0.469" errors="0" skipped="4">
  <properties>
[...]
</properties>
  <testcase classname="Scenario: Convert to Celsius from Fahrenheit" name="Given I want to convert 98.6 degree Fahrenheit to Celsius" time="0.093">
    <skipped/>
    <system-out>Feature: Convert between different unit of temperatures
  
  Formula: C/5 = (F - 32)/9
  C = 5(F - 32)/9 =&gt; 5(98.6 - 32)/9 = 37
</system-out>
  </testcase>
  <testcase classname="Scenario: Convert to Celsius from Fahrenheit" name="When I input the value of Fahrenheit as 98.6 in text field" time="0.094">
    <skipped/>
  </testcase>
  <testcase classname="Scenario: Convert to Celsius from Fahrenheit" name="Then It should be converted to Celsius as 37 degree" time="0.094">
    <skipped/>
  </testcase>
  <testcase classname="Scenario: Convert to Celsius from Fahrenheit" name="Scenario: Convert to Celsius from Fahrenheit" time="0.094">
    <skipped/>
  </testcase>
  <testcase classname="Scenario: Convert to Celsius from Fahrenheit" name="Scenario: Convert to Celsius from Fahrenheit" time="0.094"/>
</testsuite>